2025-12-31 16:46:50,621 - INFO - ==================================================
2025-12-31 16:46:50,623 - INFO - Exchange Rate Bot started
2025-12-31 16:46:50,623 - INFO - ==================================================
2025-12-31 16:46:50,826 - INFO - package: mysql.connector.plugins
2025-12-31 16:46:50,826 - INFO - plugin_name: mysql_native_password
2025-12-31 16:46:50,831 - INFO - AUTHENTICATION_PLUGIN_CLASS: MySQLNativePasswordAuthPlugin
2025-12-31 16:46:50,920 - INFO - Successfully connected to database
2025-12-31 16:46:52,935 - INFO - Fetching rates from Bukit Bintang: https://www.jalinanduta.com/bukit-bintang/
2025-12-31 16:46:54,091 - INFO - Found GBP rates: We Sell=5.48, We Buy=5.39
2025-12-31 16:46:54,091 - INFO - Found EUR rates: We Sell=4.77, We Buy=4.68
2025-12-31 16:46:54,096 - INFO - Successfully fetched rates from Bukit Bintang: {'GBP': {'we_sell': 5.48, 'we_buy': 5.39}, 'EUR': {'we_sell': 4.77, 'we_buy': 4.68}}
2025-12-31 16:46:54,299 - INFO - Saved 2 currency rates (both buy and sell) for Bukit Bintang to database with timestamp 2025-12-31 16:46:54.154195 (current time)
2025-12-31 16:46:56,306 - INFO - Fetching rates from Masjid India: https://www.jalinanduta.com/masjid-india/
2025-12-31 16:46:57,249 - INFO - Found GBP rates: We Sell=5.47, We Buy=5.4
2025-12-31 16:46:57,249 - INFO - Found EUR rates: We Sell=4.76, We Buy=4.69
2025-12-31 16:46:57,261 - INFO - Successfully fetched rates from Masjid India: {'GBP': {'we_sell': 5.47, 'we_buy': 5.4}, 'EUR': {'we_sell': 4.76, 'we_buy': 4.69}}
2025-12-31 16:46:57,388 - INFO - Saved 2 currency rates (both buy and sell) for Masjid India to database with timestamp 2025-12-31 16:46:57.313211 (current time)
2025-12-31 16:46:59,391 - INFO - Fetching rates from MyMoneyMaster: http://www.mymoneymaster.com.my/Home/full_rate_board
2025-12-31 16:46:59,999 - INFO - Found GBP rates: We Sell=10.5, We Buy=9.85
2025-12-31 16:47:00,001 - INFO - Found EUR rates: We Sell=4.728, We Buy=4.7
2025-12-31 16:47:00,012 - INFO - Found GBP rates: We Sell=5.443, We Buy=5.42
2025-12-31 16:47:00,017 - INFO - MyMoneyMaster rates last updated: 2025-12-31 09:56:00
2025-12-31 16:47:00,019 - INFO - Successfully fetched rates from MyMoneyMaster: {'GBP': {'we_sell': 5.443, 'we_buy': 5.42}, 'EUR': {'we_sell': 4.728, 'we_buy': 4.7}}
2025-12-31 16:47:00,244 - INFO - Saved 2 currency rates (both buy and sell) for MyMoneyMaster to database with timestamp 2025-12-31 09:56:00 (from source)
2025-12-31 16:47:01,112 - INFO - Message sent to Telegram successfully
2025-12-31 16:47:01,114 - INFO - Exchange rate bot completed successfully
2025-12-31 16:47:01,151 - INFO - Database connection closed
2025-12-31 17:03:10,847 - INFO - ==================================================
2025-12-31 17:03:10,852 - INFO - Exchange Rate Bot started
2025-12-31 17:03:10,852 - INFO - ==================================================
2025-12-31 17:03:11,251 - INFO - package: mysql.connector.plugins
2025-12-31 17:03:11,252 - INFO - plugin_name: mysql_native_password
2025-12-31 17:03:11,260 - INFO - AUTHENTICATION_PLUGIN_CLASS: MySQLNativePasswordAuthPlugin
2025-12-31 17:03:11,388 - INFO - Successfully connected to database
2025-12-31 17:03:13,395 - INFO - Fetching rates from Google Finance GBP: https://www.google.com/finance/quote/GBP-MYR
2025-12-31 17:03:14,722 - INFO - Found Google Finance GBP rate: 5.4535
2025-12-31 17:03:16,727 - INFO - Fetching rates from Google Finance EUR: https://www.google.com/finance/quote/EUR-MYR
2025-12-31 17:03:17,179 - INFO - Found Google Finance EUR rate: 4.758
2025-12-31 17:03:17,182 - INFO - Successfully fetched Google Finance rates: {'GBP': {'we_sell': 5.4535, 'we_buy': 5.4535}, 'EUR': {'we_sell': 4.758, 'we_buy': 4.758}}
2025-12-31 17:03:17,383 - INFO - Saved 2 currency rates (both buy and sell) for Google Finance to database with timestamp 2025-12-31 17:03:17.184149 (from source)
2025-12-31 17:03:19,390 - INFO - Fetching rates from JalinanDuta(Bukit Bintang): https://www.jalinanduta.com/bukit-bintang/
2025-12-31 17:03:24,751 - INFO - Found GBP rates: We Sell=5.48, We Buy=5.39
2025-12-31 17:03:24,771 - INFO - Found EUR rates: We Sell=4.77, We Buy=4.68
2025-12-31 17:03:24,790 - INFO - Successfully fetched rates from JalinanDuta(Bukit Bintang): {'GBP': {'we_sell': 5.48, 'we_buy': 5.39}, 'EUR': {'we_sell': 4.77, 'we_buy': 4.68}}
2025-12-31 17:03:24,960 - INFO - Saved 2 currency rates (both buy and sell) for JalinanDuta(Bukit Bintang) to database with timestamp 2025-12-31 17:03:24.856830 (current time)
2025-12-31 17:03:26,968 - INFO - Fetching rates from JalinanDuta(Masjid India): https://www.jalinanduta.com/masjid-india/
2025-12-31 17:03:33,163 - INFO - Found GBP rates: We Sell=5.47, We Buy=5.4
2025-12-31 17:03:33,165 - INFO - Found EUR rates: We Sell=4.76, We Buy=4.69
2025-12-31 17:03:33,168 - INFO - Successfully fetched rates from JalinanDuta(Masjid India): {'GBP': {'we_sell': 5.47, 'we_buy': 5.4}, 'EUR': {'we_sell': 4.76, 'we_buy': 4.69}}
2025-12-31 17:03:33,297 - INFO - Saved 2 currency rates (both buy and sell) for JalinanDuta(Masjid India) to database with timestamp 2025-12-31 17:03:33.216474 (current time)
2025-12-31 17:03:35,315 - INFO - Fetching rates from MyMoneyMaster(Mid Valley): http://www.mymoneymaster.com.my/Home/full_rate_board
2025-12-31 17:03:36,146 - INFO - Found GBP rates: We Sell=10.5, We Buy=9.85
2025-12-31 17:03:36,148 - INFO - Found EUR rates: We Sell=4.728, We Buy=4.7
2025-12-31 17:03:36,153 - INFO - Found GBP rates: We Sell=5.443, We Buy=5.42
2025-12-31 17:03:36,155 - INFO - MyMoneyMaster rates last updated: 2025-12-31 09:56:00
2025-12-31 17:03:36,156 - INFO - Successfully fetched rates from MyMoneyMaster(Mid Valley): {'GBP': {'we_sell': 5.443, 'we_buy': 5.42}, 'EUR': {'we_sell': 4.728, 'we_buy': 4.7}}
2025-12-31 17:03:36,284 - INFO - Saved 2 currency rates (both buy and sell) for MyMoneyMaster(Mid Valley) to database with timestamp 2025-12-31 09:56:00 (from source)
2025-12-31 17:03:37,276 - INFO - Message sent to Telegram successfully
2025-12-31 17:03:37,280 - INFO - Exchange rate bot completed successfully
2025-12-31 17:03:37,308 - INFO - Database connection closed
2025-12-31 17:19:33,327 - INFO - ==================================================
2025-12-31 17:19:33,332 - INFO - Exchange Rate Bot started
2025-12-31 17:19:33,332 - INFO - ==================================================
2025-12-31 17:19:33,504 - INFO - package: mysql.connector.plugins
2025-12-31 17:19:33,506 - INFO - plugin_name: mysql_native_password
2025-12-31 17:19:33,510 - INFO - AUTHENTICATION_PLUGIN_CLASS: MySQLNativePasswordAuthPlugin
2025-12-31 17:19:33,590 - INFO - Successfully connected to database
2025-12-31 17:19:35,601 - INFO - Fetching rates from Google Finance GBP: https://www.google.com/finance/quote/GBP-MYR
2025-12-31 17:19:36,089 - INFO - Found Google Finance GBP rate: 5.4527
2025-12-31 17:19:38,103 - INFO - Fetching rates from Google Finance EUR: https://www.google.com/finance/quote/EUR-MYR
2025-12-31 17:19:38,522 - INFO - Found Google Finance EUR rate: 4.7593
2025-12-31 17:19:40,538 - INFO - Fetching rates from Google Finance IDR: https://www.google.com/finance/quote/IDR-MYR
2025-12-31 17:19:40,895 - INFO - Found Google Finance IDR rate: 0.00024
2025-12-31 17:19:42,908 - INFO - Fetching rates from Google Finance TRY: https://www.google.com/finance/quote/TRY-MYR
2025-12-31 17:19:43,391 - INFO - Found Google Finance TRY rate: 0.0945
2025-12-31 17:19:43,392 - INFO - Successfully fetched Google Finance rates: {'GBP': {'we_sell': 5.4527, 'we_buy': 5.4527}, 'EUR': {'we_sell': 4.7593, 'we_buy': 4.7593}, 'IDR': {'we_sell': 0.00024, 'we_buy': 0.00024}, 'TRY': {'we_sell': 0.0945, 'we_buy': 0.0945}}
2025-12-31 17:19:43,620 - INFO - Saved 4 currency rates (both buy and sell) for Google Finance to database with timestamp 2025-12-31 17:19:43.393264 (from source)
2025-12-31 17:19:45,633 - INFO - Fetching rates from JalinanDuta(Bukit Bintang): https://www.jalinanduta.com/bukit-bintang/
2025-12-31 17:19:47,103 - INFO - Found GBP rates: We Sell=5.48, We Buy=5.39
2025-12-31 17:19:47,103 - INFO - Found IDR rates: We Sell=248.0, We Buy=241.5
2025-12-31 17:19:47,108 - INFO - Found EUR rates: We Sell=4.77, We Buy=4.68
2025-12-31 17:19:47,115 - INFO - Found TRY rates: We Sell=11.0, We Buy=9.5
2025-12-31 17:19:47,119 - INFO - Successfully fetched rates from JalinanDuta(Bukit Bintang): {'GBP': {'we_sell': 5.48, 'we_buy': 5.39}, 'IDR': {'we_sell': 248.0, 'we_buy': 241.5}, 'EUR': {'we_sell': 4.77, 'we_buy': 4.68}, 'TRY': {'we_sell': 11.0, 'we_buy': 9.5}}
2025-12-31 17:19:47,296 - INFO - Saved 4 currency rates (both buy and sell) for JalinanDuta(Bukit Bintang) to database with timestamp 2025-12-31 17:19:47.170116 (current time)
2025-12-31 17:19:49,301 - INFO - Fetching rates from JalinanDuta(Masjid India): https://www.jalinanduta.com/masjid-india/
2025-12-31 17:19:50,219 - INFO - Found GBP rates: We Sell=5.47, We Buy=5.4
2025-12-31 17:19:50,219 - INFO - Found IDR rates: We Sell=248.0, We Buy=241.0
2025-12-31 17:19:50,219 - INFO - Found EUR rates: We Sell=4.76, We Buy=4.69
2025-12-31 17:19:50,224 - INFO - Found TRY rates: We Sell=10.2, We Buy=9.0
2025-12-31 17:19:50,224 - INFO - Successfully fetched rates from JalinanDuta(Masjid India): {'GBP': {'we_sell': 5.47, 'we_buy': 5.4}, 'IDR': {'we_sell': 248.0, 'we_buy': 241.0}, 'EUR': {'we_sell': 4.76, 'we_buy': 4.69}, 'TRY': {'we_sell': 10.2, 'we_buy': 9.0}}
2025-12-31 17:19:50,417 - INFO - Saved 4 currency rates (both buy and sell) for JalinanDuta(Masjid India) to database with timestamp 2025-12-31 17:19:50.282540 (current time)
2025-12-31 17:19:52,419 - INFO - Fetching rates from MyMoneyMaster(Mid Valley): http://www.mymoneymaster.com.my/Home/full_rate_board
2025-12-31 17:19:52,726 - INFO - Found GBP rates: We Sell=10.5, We Buy=9.85
2025-12-31 17:19:52,726 - INFO - Found EUR rates: We Sell=4.728, We Buy=4.7
2025-12-31 17:19:52,726 - INFO - Found IDR rates: We Sell=247.9, We Buy=242.2
2025-12-31 17:19:52,726 - INFO - Found GBP rates: We Sell=5.443, We Buy=5.42
2025-12-31 17:19:52,726 - INFO - MyMoneyMaster rates last updated: 2025-12-31 09:56:00
2025-12-31 17:19:52,731 - INFO - Successfully fetched rates from MyMoneyMaster(Mid Valley): {'GBP': {'we_sell': 5.443, 'we_buy': 5.42}, 'EUR': {'we_sell': 4.728, 'we_buy': 4.7}, 'IDR': {'we_sell': 247.9, 'we_buy': 242.2}}
2025-12-31 17:19:52,876 - INFO - Saved 3 currency rates (both buy and sell) for MyMoneyMaster(Mid Valley) to database with timestamp 2025-12-31 09:56:00 (from source)
2025-12-31 17:19:53,863 - INFO - Message sent to Telegram successfully
2025-12-31 17:19:53,904 - INFO - Exchange rate bot completed successfully
2025-12-31 17:19:53,926 - INFO - Database connection closed
2025-12-31 17:25:26,067 - INFO - ==================================================
2025-12-31 17:25:26,068 - INFO - Exchange Rate Bot started
2025-12-31 17:25:26,069 - INFO - ==================================================
2025-12-31 17:25:26,190 - INFO - package: mysql.connector.plugins
2025-12-31 17:25:26,194 - INFO - plugin_name: mysql_native_password
2025-12-31 17:25:26,198 - INFO - AUTHENTICATION_PLUGIN_CLASS: MySQLNativePasswordAuthPlugin
2025-12-31 17:25:26,285 - INFO - Successfully connected to database
2025-12-31 17:25:28,298 - INFO - Fetching rates from Google Finance GBP: https://www.google.com/finance/quote/GBP-MYR
2025-12-31 17:25:29,043 - INFO - Found Google Finance GBP rate: 5.4527
2025-12-31 17:25:31,061 - INFO - Fetching rates from Google Finance EUR: https://www.google.com/finance/quote/EUR-MYR
2025-12-31 17:25:31,643 - INFO - Found Google Finance EUR rate: 4.7593
2025-12-31 17:25:33,649 - INFO - Fetching rates from Google Finance IDR: https://www.google.com/finance/quote/IDR-MYR
2025-12-31 17:25:34,055 - INFO - Found Google Finance IDR rate: 0.00024
2025-12-31 17:25:34,056 - INFO - Standardized Google Finance IDR rate to per 1000: 0.24000000000000002
2025-12-31 17:25:36,067 - INFO - Fetching rates from Google Finance TRY: https://www.google.com/finance/quote/TRY-MYR
2025-12-31 17:25:36,493 - INFO - Found Google Finance TRY rate: 0.0945
2025-12-31 17:25:36,494 - INFO - Successfully fetched Google Finance rates: {'GBP': {'we_sell': 5.4527, 'we_buy': 5.4527}, 'EUR': {'we_sell': 4.7593, 'we_buy': 4.7593}, 'IDR': {'we_sell': 0.24000000000000002, 'we_buy': 0.24000000000000002}, 'TRY': {'we_sell': 0.0945, 'we_buy': 0.0945}}
2025-12-31 17:25:36,770 - INFO - Saved 4 currency rates (both buy and sell) for Google Finance to database with timestamp 2025-12-31 17:25:36.495815 (from source)
2025-12-31 17:25:38,774 - INFO - Fetching rates from JalinanDuta(Bukit Bintang): https://www.jalinanduta.com/bukit-bintang/
2025-12-31 17:25:39,852 - INFO - Found GBP rates: We Sell=5.48, We Buy=5.39
2025-12-31 17:25:39,854 - INFO - Found IDR rates: We Sell=248.0, We Buy=241.5
2025-12-31 17:25:39,857 - INFO - Found EUR rates: We Sell=4.77, We Buy=4.68
2025-12-31 17:25:39,861 - INFO - Found TRY rates: We Sell=11.0, We Buy=9.5
2025-12-31 17:25:39,864 - INFO - Successfully fetched rates from JalinanDuta(Bukit Bintang): {'GBP': {'we_sell': 5.48, 'we_buy': 5.39}, 'IDR': {'we_sell': 248.0, 'we_buy': 241.5}, 'EUR': {'we_sell': 4.77, 'we_buy': 4.68}, 'TRY': {'we_sell': 11.0, 'we_buy': 9.5}}
2025-12-31 17:25:40,039 - INFO - Saved 4 currency rates (both buy and sell) for JalinanDuta(Bukit Bintang) to database with timestamp 2025-12-31 17:25:39.914746 (current time)
2025-12-31 17:25:42,050 - INFO - Fetching rates from JalinanDuta(Masjid India): https://www.jalinanduta.com/masjid-india/
2025-12-31 17:25:43,402 - INFO - Found GBP rates: We Sell=5.47, We Buy=5.4
2025-12-31 17:25:43,404 - INFO - Found IDR rates: We Sell=248.0, We Buy=241.0
2025-12-31 17:25:43,409 - INFO - Found EUR rates: We Sell=4.76, We Buy=4.69
2025-12-31 17:25:43,414 - INFO - Found TRY rates: We Sell=10.2, We Buy=9.0
2025-12-31 17:25:43,418 - INFO - Successfully fetched rates from JalinanDuta(Masjid India): {'GBP': {'we_sell': 5.47, 'we_buy': 5.4}, 'IDR': {'we_sell': 248.0, 'we_buy': 241.0}, 'EUR': {'we_sell': 4.76, 'we_buy': 4.69}, 'TRY': {'we_sell': 10.2, 'we_buy': 9.0}}
2025-12-31 17:25:43,592 - INFO - Saved 4 currency rates (both buy and sell) for JalinanDuta(Masjid India) to database with timestamp 2025-12-31 17:25:43.466721 (current time)
2025-12-31 17:25:45,606 - INFO - Fetching rates from MyMoneyMaster(Mid Valley): http://www.mymoneymaster.com.my/Home/full_rate_board
2025-12-31 17:25:46,034 - INFO - Found GBP rates: We Sell=10.5, We Buy=9.85
2025-12-31 17:25:46,035 - INFO - Found EUR rates: We Sell=4.728, We Buy=4.7
2025-12-31 17:25:46,036 - INFO - Found IDR rates: We Sell=247.9, We Buy=242.2
2025-12-31 17:25:46,042 - INFO - Found GBP rates: We Sell=5.443, We Buy=5.42
2025-12-31 17:25:46,044 - INFO - MyMoneyMaster rates last updated: 2025-12-31 09:56:00
2025-12-31 17:25:46,045 - INFO - Successfully fetched rates from MyMoneyMaster(Mid Valley): {'GBP': {'we_sell': 5.443, 'we_buy': 5.42}, 'EUR': {'we_sell': 4.728, 'we_buy': 4.7}, 'IDR': {'we_sell': 247.9, 'we_buy': 242.2}}
2025-12-31 17:25:46,192 - INFO - Saved 3 currency rates (both buy and sell) for MyMoneyMaster(Mid Valley) to database with timestamp 2025-12-31 09:56:00 (from source)
2025-12-31 17:25:47,319 - INFO - Message sent to Telegram successfully
2025-12-31 17:25:47,321 - INFO - Exchange rate bot completed successfully
2025-12-31 17:25:47,348 - INFO - Database connection closed
2025-12-31 17:31:37,583 - INFO - ==================================================
2025-12-31 17:31:37,606 - INFO - Exchange Rate Bot started
2025-12-31 17:31:37,606 - INFO - ==================================================
2025-12-31 17:31:37,900 - INFO - package: mysql.connector.plugins
2025-12-31 17:31:37,900 - INFO - plugin_name: mysql_native_password
2025-12-31 17:31:37,915 - INFO - AUTHENTICATION_PLUGIN_CLASS: MySQLNativePasswordAuthPlugin
2025-12-31 17:31:37,997 - INFO - Successfully connected to database
2025-12-31 17:31:40,008 - INFO - Fetching rates from Google Finance GBP: https://www.google.com/finance/quote/GBP-MYR
2025-12-31 17:31:40,905 - INFO - Found Google Finance GBP rate: 5.4527
2025-12-31 17:31:42,918 - INFO - Fetching rates from Google Finance EUR: https://www.google.com/finance/quote/EUR-MYR
2025-12-31 17:31:43,458 - INFO - Found Google Finance EUR rate: 4.7593
2025-12-31 17:31:45,465 - INFO - Fetching rates from Google Finance IDR: https://www.google.com/finance/quote/IDR-MYR
2025-12-31 17:31:45,851 - INFO - Found Google Finance IDR rate: 0.00024
2025-12-31 17:31:45,852 - INFO - Standardized Google Finance IDR rate to per 1,000,000: 240.0
2025-12-31 17:31:47,869 - INFO - Fetching rates from Google Finance TRY: https://www.google.com/finance/quote/TRY-MYR
2025-12-31 17:31:48,528 - INFO - Found Google Finance TRY rate: 0.0945
2025-12-31 17:31:48,528 - INFO - Standardized Google Finance TRY rate to per 100: 9.45
2025-12-31 17:31:48,529 - INFO - Successfully fetched Google Finance rates: {'GBP': {'we_sell': 5.4527, 'we_buy': 5.4527}, 'EUR': {'we_sell': 4.7593, 'we_buy': 4.7593}, 'IDR': {'we_sell': 240.0, 'we_buy': 240.0}, 'TRY': {'we_sell': 9.45, 'we_buy': 9.45}}
2025-12-31 17:31:48,806 - INFO - Saved 4 currency rates (both buy and sell) for Google Finance to database with timestamp 2025-12-31 17:31:48.530042 (from source)
2025-12-31 17:31:50,822 - INFO - Fetching rates from JalinanDuta(Bukit Bintang): https://www.jalinanduta.com/bukit-bintang/
2025-12-31 17:31:52,144 - INFO - Found GBP rates: We Sell=5.48, We Buy=5.39
2025-12-31 17:31:52,146 - INFO - Found IDR rates: We Sell=248.0, We Buy=241.5
2025-12-31 17:31:52,151 - INFO - Found EUR rates: We Sell=4.77, We Buy=4.68
2025-12-31 17:31:52,157 - INFO - Found TRY rates: We Sell=11.0, We Buy=9.5
2025-12-31 17:31:52,162 - INFO - Successfully fetched rates from JalinanDuta(Bukit Bintang): {'GBP': {'we_sell': 5.48, 'we_buy': 5.39}, 'IDR': {'we_sell': 248.0, 'we_buy': 241.5}, 'EUR': {'we_sell': 4.77, 'we_buy': 4.68}, 'TRY': {'we_sell': 11.0, 'we_buy': 9.5}}
2025-12-31 17:31:52,337 - INFO - Saved 4 currency rates (both buy and sell) for JalinanDuta(Bukit Bintang) to database with timestamp 2025-12-31 17:31:52.217059 (current time)
2025-12-31 17:31:54,342 - INFO - Fetching rates from JalinanDuta(Masjid India): https://www.jalinanduta.com/masjid-india/
2025-12-31 17:31:55,433 - INFO - Found GBP rates: We Sell=5.47, We Buy=5.4
2025-12-31 17:31:55,435 - INFO - Found IDR rates: We Sell=248.0, We Buy=241.0
2025-12-31 17:31:55,435 - INFO - Found EUR rates: We Sell=4.76, We Buy=4.69
2025-12-31 17:31:55,435 - INFO - Found TRY rates: We Sell=10.2, We Buy=9.0
2025-12-31 17:31:55,449 - INFO - Successfully fetched rates from JalinanDuta(Masjid India): {'GBP': {'we_sell': 5.47, 'we_buy': 5.4}, 'IDR': {'we_sell': 248.0, 'we_buy': 241.0}, 'EUR': {'we_sell': 4.76, 'we_buy': 4.69}, 'TRY': {'we_sell': 10.2, 'we_buy': 9.0}}
2025-12-31 17:31:55,652 - INFO - Saved 4 currency rates (both buy and sell) for JalinanDuta(Masjid India) to database with timestamp 2025-12-31 17:31:55.503924 (current time)
2025-12-31 17:31:57,660 - INFO - Fetching rates from MyMoneyMaster(Mid Valley): http://www.mymoneymaster.com.my/Home/full_rate_board
2025-12-31 17:31:58,278 - INFO - Found GBP rates: We Sell=10.5, We Buy=9.85
2025-12-31 17:31:58,278 - INFO - Found EUR rates: We Sell=4.728, We Buy=4.7
2025-12-31 17:31:58,280 - INFO - Found IDR rates: We Sell=247.9, We Buy=242.2
2025-12-31 17:31:58,285 - INFO - Found GBP rates: We Sell=5.443, We Buy=5.42
2025-12-31 17:31:58,287 - INFO - MyMoneyMaster rates last updated: 2025-12-31 09:56:00
2025-12-31 17:31:58,288 - INFO - Successfully fetched rates from MyMoneyMaster(Mid Valley): {'GBP': {'we_sell': 5.443, 'we_buy': 5.42}, 'EUR': {'we_sell': 4.728, 'we_buy': 4.7}, 'IDR': {'we_sell': 247.9, 'we_buy': 242.2}}
2025-12-31 17:31:58,461 - INFO - Saved 3 currency rates (both buy and sell) for MyMoneyMaster(Mid Valley) to database with timestamp 2025-12-31 09:56:00 (from source)
2025-12-31 17:31:59,581 - INFO - Message sent to Telegram successfully
2025-12-31 17:31:59,585 - INFO - Exchange rate bot completed successfully
2025-12-31 17:31:59,610 - INFO - Database connection closed
2025-12-31 17:34:47,760 - INFO - ==================================================
2025-12-31 17:34:47,763 - INFO - Exchange Rate Bot started
2025-12-31 17:34:47,763 - INFO - ==================================================
2025-12-31 17:34:47,876 - DEBUG - Starting authorization phase
2025-12-31 17:34:47,876 - DEBUG - The provided initial strategy is mysql_native_password
2025-12-31 17:34:47,878 - INFO - package: mysql.connector.plugins
2025-12-31 17:34:47,878 - INFO - plugin_name: mysql_native_password
2025-12-31 17:34:47,883 - INFO - AUTHENTICATION_PLUGIN_CLASS: MySQLNativePasswordAuthPlugin
2025-12-31 17:34:47,906 - DEBUG - mysql_native_password completed succesfully
2025-12-31 17:34:47,952 - INFO - Successfully connected to database
2025-12-31 17:34:49,962 - INFO - Fetching rates from Google Finance GBP: https://www.google.com/finance/quote/GBP-MYR
2025-12-31 17:34:49,969 - DEBUG - Starting new HTTPS connection (1): www.google.com:443
2025-12-31 17:34:50,253 - DEBUG - https://www.google.com:443 "GET /finance/quote/GBP-MYR HTTP/1.1" 200 None
2025-12-31 17:34:50,478 - INFO - Found Google Finance GBP rate: 5.4527
2025-12-31 17:34:52,483 - INFO - Fetching rates from Google Finance EUR: https://www.google.com/finance/quote/EUR-MYR
2025-12-31 17:34:52,581 - DEBUG - https://www.google.com:443 "GET /finance/quote/EUR-MYR HTTP/1.1" 200 None
2025-12-31 17:34:52,782 - INFO - Found Google Finance EUR rate: 4.7593
2025-12-31 17:34:54,790 - INFO - Fetching rates from Google Finance IDR: https://www.google.com/finance/quote/IDR-MYR
2025-12-31 17:34:54,909 - DEBUG - https://www.google.com:443 "GET /finance/quote/IDR-MYR HTTP/1.1" 200 None
2025-12-31 17:34:55,174 - INFO - Found Google Finance IDR rate: 0.00024
2025-12-31 17:34:55,174 - INFO - Standardized Google Finance IDR rate to per 1,000,000: 240.0
2025-12-31 17:34:57,180 - INFO - Fetching rates from Google Finance TRY: https://www.google.com/finance/quote/TRY-MYR
2025-12-31 17:34:57,285 - DEBUG - https://www.google.com:443 "GET /finance/quote/TRY-MYR HTTP/1.1" 200 None
2025-12-31 17:34:57,510 - INFO - Found Google Finance TRY rate: 0.0945
2025-12-31 17:34:57,510 - INFO - Standardized Google Finance TRY rate to per 100: 9.45
2025-12-31 17:34:57,510 - INFO - Successfully fetched Google Finance rates: {'GBP': {'we_sell': 5.4527, 'we_buy': 5.4527}, 'EUR': {'we_sell': 4.7593, 'we_buy': 4.7593}, 'IDR': {'we_sell': 240.0, 'we_buy': 240.0}, 'TRY': {'we_sell': 9.45, 'we_buy': 9.45}}
2025-12-31 17:34:57,736 - INFO - Saved 4 currency rates (both buy and sell) for Google Finance to database with timestamp 2025-12-31 17:34:57.510996 (from source)
2025-12-31 17:34:59,739 - INFO - Fetching rates from JalinanDuta(Bukit Bintang): https://www.jalinanduta.com/bukit-bintang/
2025-12-31 17:34:59,745 - DEBUG - Starting new HTTPS connection (1): www.jalinanduta.com:443
2025-12-31 17:35:00,765 - DEBUG - https://www.jalinanduta.com:443 "GET /bukit-bintang/ HTTP/1.1" 200 None
2025-12-31 17:35:01,200 - DEBUG - Starting rate parsing...
2025-12-31 17:35:01,211 - DEBUG - Found 1 tables
2025-12-31 17:35:01,215 - DEBUG - Found GBP We Sell rate: 5.48 (from table-green-color)
2025-12-31 17:35:01,215 - DEBUG - Found GBP We Buy rate: 5.39 (from table-red-color)
2025-12-31 17:35:01,215 - INFO - Found GBP rates: We Sell=5.48, We Buy=5.39
2025-12-31 17:35:01,217 - DEBUG - Found IDR We Sell rate: 248.0 (from table-green-color)
2025-12-31 17:35:01,218 - DEBUG - Found IDR We Buy rate: 241.5 (from table-red-color)
2025-12-31 17:35:01,218 - INFO - Found IDR rates: We Sell=248.0, We Buy=241.5
2025-12-31 17:35:01,222 - DEBUG - Found EUR We Sell rate: 4.77 (from table-green-color)
2025-12-31 17:35:01,225 - DEBUG - Found EUR We Buy rate: 4.68 (from table-red-color)
2025-12-31 17:35:01,225 - INFO - Found EUR rates: We Sell=4.77, We Buy=4.68
2025-12-31 17:35:01,225 - DEBUG - Found TRY We Sell rate: 11.0 (from table-green-color)
2025-12-31 17:35:01,225 - DEBUG - Found TRY We Buy rate: 9.5 (from table-red-color)
2025-12-31 17:35:01,225 - INFO - Found TRY rates: We Sell=11.0, We Buy=9.5
2025-12-31 17:35:01,225 - INFO - Successfully fetched rates from JalinanDuta(Bukit Bintang): {'GBP': {'we_sell': 5.48, 'we_buy': 5.39}, 'IDR': {'we_sell': 248.0, 'we_buy': 241.5}, 'EUR': {'we_sell': 4.77, 'we_buy': 4.68}, 'TRY': {'we_sell': 11.0, 'we_buy': 9.5}}
2025-12-31 17:35:01,477 - INFO - Saved 4 currency rates (both buy and sell) for JalinanDuta(Bukit Bintang) to database with timestamp 2025-12-31 17:35:01.297528 (current time)
2025-12-31 17:35:03,487 - INFO - Fetching rates from JalinanDuta(Masjid India): https://www.jalinanduta.com/masjid-india/
2025-12-31 17:35:04,495 - DEBUG - https://www.jalinanduta.com:443 "GET /masjid-india/ HTTP/1.1" 200 None
2025-12-31 17:35:05,099 - DEBUG - Starting rate parsing...
2025-12-31 17:35:05,109 - DEBUG - Found 1 tables
2025-12-31 17:35:05,114 - DEBUG - Found GBP We Sell rate: 5.47 (from table-green-color)
2025-12-31 17:35:05,114 - DEBUG - Found GBP We Buy rate: 5.4 (from table-red-color)
2025-12-31 17:35:05,114 - INFO - Found GBP rates: We Sell=5.47, We Buy=5.4
2025-12-31 17:35:05,117 - DEBUG - Found IDR We Sell rate: 248.0 (from table-green-color)
2025-12-31 17:35:05,117 - DEBUG - Found IDR We Buy rate: 241.0 (from table-red-color)
2025-12-31 17:35:05,117 - INFO - Found IDR rates: We Sell=248.0, We Buy=241.0
2025-12-31 17:35:05,123 - DEBUG - Found EUR We Sell rate: 4.76 (from table-green-color)
2025-12-31 17:35:05,123 - DEBUG - Found EUR We Buy rate: 4.69 (from table-red-color)
2025-12-31 17:35:05,125 - INFO - Found EUR rates: We Sell=4.76, We Buy=4.69
2025-12-31 17:35:05,130 - DEBUG - Found TRY We Sell rate: 10.2 (from table-green-color)
2025-12-31 17:35:05,132 - DEBUG - Found TRY We Buy rate: 9.0 (from table-red-color)
2025-12-31 17:35:05,132 - INFO - Found TRY rates: We Sell=10.2, We Buy=9.0
2025-12-31 17:35:05,138 - INFO - Successfully fetched rates from JalinanDuta(Masjid India): {'GBP': {'we_sell': 5.47, 'we_buy': 5.4}, 'IDR': {'we_sell': 248.0, 'we_buy': 241.0}, 'EUR': {'we_sell': 4.76, 'we_buy': 4.69}, 'TRY': {'we_sell': 10.2, 'we_buy': 9.0}}
2025-12-31 17:35:05,394 - INFO - Saved 4 currency rates (both buy and sell) for JalinanDuta(Masjid India) to database with timestamp 2025-12-31 17:35:05.193795 (current time)
2025-12-31 17:35:07,409 - INFO - Fetching rates from MyMoneyMaster(Mid Valley): http://www.mymoneymaster.com.my/Home/full_rate_board
2025-12-31 17:35:07,413 - DEBUG - Starting new HTTP connection (1): www.mymoneymaster.com.my:80
2025-12-31 17:35:07,591 - DEBUG - http://www.mymoneymaster.com.my:80 "GET /Home/full_rate_board HTTP/1.1" 200 11965
2025-12-31 17:35:07,917 - DEBUG - Starting rate parsing...
2025-12-31 17:35:07,924 - DEBUG - Detected MyMoneyMaster website structure
2025-12-31 17:35:07,934 - DEBUG - Found 40 currency rows in MyMoneyMaster
2025-12-31 17:35:07,934 - DEBUG - Checking currency text: 'AUSTRALIA1
                   AUSTRALIAN DOLLAR ( AUD )'
2025-12-31 17:35:07,934 - DEBUG - No currency match for: 'AUSTRALIA1
                   AUSTRALIAN DOLLAR ( AUD )'
2025-12-31 17:35:07,934 - DEBUG - Checking currency text: 'BAHRAIN1
                   BAHRAINI DINAR ( BHD )'
2025-12-31 17:35:07,934 - DEBUG - No currency match for: 'BAHRAIN1
                   BAHRAINI DINAR ( BHD )'
2025-12-31 17:35:07,934 - DEBUG - Checking currency text: 'BRUNEI DARUSSALAM1
                   BRUNEI DOLLAR ( BND )'
2025-12-31 17:35:07,934 - DEBUG - No currency match for: 'BRUNEI DARUSSALAM1
                   BRUNEI DOLLAR ( BND )'
2025-12-31 17:35:07,934 - DEBUG - Checking currency text: 'CANADA1
                   CANADIAN DOLLAR ( CAD )'
2025-12-31 17:35:07,934 - DEBUG - No currency match for: 'CANADA1
                   CANADIAN DOLLAR ( CAD )'
2025-12-31 17:35:07,934 - DEBUG - Checking currency text: 'CHINA100
                   CHINESE RENMINBI ( CNY )'
2025-12-31 17:35:07,934 - DEBUG - No currency match for: 'CHINA100
                   CHINESE RENMINBI ( CNY )'
2025-12-31 17:35:07,934 - DEBUG - Checking currency text: 'DENMARK100
                   DANISH KRONE ( DKK )'
2025-12-31 17:35:07,934 - DEBUG - No currency match for: 'DENMARK100
                   DANISH KRONE ( DKK )'
2025-12-31 17:35:07,934 - DEBUG - Checking currency text: 'EGYPT100
                   EGYPTIAN POUND ( EGP )'
2025-12-31 17:35:07,934 - DEBUG - Parsed timestamp 'at 09:56 AM' as 2025-12-31 09:56:00
2025-12-31 17:35:07,934 - INFO - Found GBP rates: We Sell=10.5, We Buy=9.85
2025-12-31 17:35:07,934 - DEBUG - Checking currency text: 'EUROPEAN UNION1
                   EURO DOLLAR ( EUR )'
2025-12-31 17:35:07,939 - INFO - Found EUR rates: We Sell=4.728, We Buy=4.7
2025-12-31 17:35:07,940 - DEBUG - Checking currency text: 'HONG KONG100
                   HONG KONG DOLLAR ( HKD )'
2025-12-31 17:35:07,941 - DEBUG - No currency match for: 'HONG KONG100
                   HONG KONG DOLLAR ( HKD )'
2025-12-31 17:35:07,941 - DEBUG - Checking currency text: 'INDIA100
                   INDIAN RUPEE ( INR )'
2025-12-31 17:35:07,942 - DEBUG - No currency match for: 'INDIA100
                   INDIAN RUPEE ( INR )'
2025-12-31 17:35:07,942 - DEBUG - Checking currency text: 'INDONESIA1M
                   INDONESIAN RUPIAH ( IDR )'
2025-12-31 17:35:07,943 - INFO - Found IDR rates: We Sell=247.9, We Buy=242.2
2025-12-31 17:35:07,944 - DEBUG - Checking currency text: 'JAPAN1000
                   JAPANESE YEN ( JPY )'
2025-12-31 17:35:07,945 - DEBUG - No currency match for: 'JAPAN1000
                   JAPANESE YEN ( JPY )'
2025-12-31 17:35:07,946 - DEBUG - Checking currency text: 'JORDAN1
                   JORDAN DINAR ( JOD )'
2025-12-31 17:35:07,946 - DEBUG - No currency match for: 'JORDAN1
                   JORDAN DINAR ( JOD )'
2025-12-31 17:35:07,946 - DEBUG - Checking currency text: 'KOREA, REPUBLIC OF1000
                   KOREAN WON ( KRW )'
2025-12-31 17:35:07,948 - DEBUG - No currency match for: 'KOREA, REPUBLIC OF1000
                   KOREAN WON ( KRW )'
2025-12-31 17:35:07,948 - DEBUG - Checking currency text: 'KUWAIT1
                   KUWAIT DINAR ( KWD )'
2025-12-31 17:35:07,948 - DEBUG - No currency match for: 'KUWAIT1
                   KUWAIT DINAR ( KWD )'
2025-12-31 17:35:07,948 - DEBUG - Checking currency text: 'MACAO100
                   MACAU PATACA ( MAC )'
2025-12-31 17:35:07,948 - DEBUG - No currency match for: 'MACAO100
                   MACAU PATACA ( MAC )'
2025-12-31 17:35:07,948 - DEBUG - Checking currency text: 'NEW ZEALAND1
                   NEW ZEALAND DOLLAR ( NZD )'
2025-12-31 17:35:07,948 - DEBUG - No currency match for: 'NEW ZEALAND1
                   NEW ZEALAND DOLLAR ( NZD )'
2025-12-31 17:35:07,948 - DEBUG - Checking currency text: 'NORWAY100
                   NORWEGIAN KRONER ( NOK )'
2025-12-31 17:35:07,948 - DEBUG - No currency match for: 'NORWAY100
                   NORWEGIAN KRONER ( NOK )'
2025-12-31 17:35:07,948 - DEBUG - Checking currency text: 'OMAN1
                   OMANI RIAL ( OMR )'
2025-12-31 17:35:07,948 - DEBUG - No currency match for: 'OMAN1
                   OMANI RIAL ( OMR )'
2025-12-31 17:35:07,948 - DEBUG - Checking currency text: 'PHILIPPINES100
                   PHILIPPINE PESO ( PHP )'
2025-12-31 17:35:07,948 - DEBUG - No currency match for: 'PHILIPPINES100
                   PHILIPPINE PESO ( PHP )'
2025-12-31 17:35:07,948 - DEBUG - Checking currency text: 'QATAR100
                   QATAR RIYAL ( QAR )'
2025-12-31 17:35:07,948 - DEBUG - No currency match for: 'QATAR100
                   QATAR RIYAL ( QAR )'
2025-12-31 17:35:07,948 - DEBUG - Checking currency text: 'SAUDI ARABIA100
                   SAUDI RIYALS ( SAR )'
2025-12-31 17:35:07,955 - DEBUG - No currency match for: 'SAUDI ARABIA100
                   SAUDI RIYALS ( SAR )'
2025-12-31 17:35:07,955 - DEBUG - Checking currency text: 'SINGAPORE1
                   SINGAPORE DOLLAR ( SGD )'
2025-12-31 17:35:07,955 - DEBUG - No currency match for: 'SINGAPORE1
                   SINGAPORE DOLLAR ( SGD )'
2025-12-31 17:35:07,957 - DEBUG - Checking currency text: 'SOUTH AFRICA100
                   SOUTH AFRICAN RAND ( ZAR )'
2025-12-31 17:35:07,957 - DEBUG - No currency match for: 'SOUTH AFRICA100
                   SOUTH AFRICAN RAND ( ZAR )'
2025-12-31 17:35:07,957 - DEBUG - Checking currency text: 'SRI LANKA100
                   SRI LANKAN RUPEES ( LKR )'
2025-12-31 17:35:07,957 - DEBUG - No currency match for: 'SRI LANKA100
                   SRI LANKAN RUPEES ( LKR )'
2025-12-31 17:35:07,957 - DEBUG - Checking currency text: 'SWEDEN100
                   SWEDISH KRONER ( SEK )'
2025-12-31 17:35:07,957 - DEBUG - No currency match for: 'SWEDEN100
                   SWEDISH KRONER ( SEK )'
2025-12-31 17:35:07,957 - DEBUG - Checking currency text: 'SWITZERLAND1
                   SWISS FRANC ( CHF )'
2025-12-31 17:35:07,957 - DEBUG - No currency match for: 'SWITZERLAND1
                   SWISS FRANC ( CHF )'
2025-12-31 17:35:07,957 - DEBUG - Checking currency text: 'TAIWAN, PROVINCE OF CHINA100
                   NEW TAIWAN DOLLAR ( TWD )'
2025-12-31 17:35:07,957 - DEBUG - No currency match for: 'TAIWAN, PROVINCE OF CHINA100
                   NEW TAIWAN DOLLAR ( TWD )'
2025-12-31 17:35:07,957 - DEBUG - Checking currency text: 'THAILAND100
                   THAI BAHT ( THB )'
2025-12-31 17:35:07,957 - DEBUG - No currency match for: 'THAILAND100
                   THAI BAHT ( THB )'
2025-12-31 17:35:07,961 - DEBUG - Checking currency text: 'TURKEY1
                   TURKEY LIRA ( TUR )'
2025-12-31 17:35:07,961 - DEBUG - Matched TRY/TUR in text: 'TURKEY1
                   TURKEY LIRA ( TUR )'
2025-12-31 17:35:07,963 - DEBUG - Checking currency text: 'UNITED ARAB EMIRATES100
                   UAE DIRHAMS ( AED )'
2025-12-31 17:35:07,963 - DEBUG - No currency match for: 'UNITED ARAB EMIRATES100
                   UAE DIRHAMS ( AED )'
2025-12-31 17:35:07,964 - DEBUG - Checking currency text: 'UNITED KINGDOM1
                   STERLING POUND ( GBP )'
2025-12-31 17:35:07,964 - INFO - Found GBP rates: We Sell=5.443, We Buy=5.42
2025-12-31 17:35:07,964 - DEBUG - Checking currency text: 'UNITED STATES1
                   US DOLLAR ( USD )'
2025-12-31 17:35:07,964 - DEBUG - No currency match for: 'UNITED STATES1
                   US DOLLAR ( USD )'
2025-12-31 17:35:07,964 - DEBUG - Checking currency text: 'VIET NAM1M
                   VIETNAM DONG ( VND )'
2025-12-31 17:35:07,964 - DEBUG - No currency match for: 'VIET NAM1M
                   VIETNAM DONG ( VND )'
2025-12-31 17:35:07,964 - DEBUG - Checking currency text: 'PAKISTAN100
                   PAKISTANI RUPEE ( PKR )'
2025-12-31 17:35:07,964 - DEBUG - No currency match for: 'PAKISTAN100
                   PAKISTANI RUPEE ( PKR )'
2025-12-31 17:35:07,964 - DEBUG - Checking currency text: 'BANGLADESH100
                   BANGLADESHI TAKA ( BDT )'
2025-12-31 17:35:07,964 - DEBUG - No currency match for: 'BANGLADESH100
                   BANGLADESHI TAKA ( BDT )'
2025-12-31 17:35:07,964 - DEBUG - Checking currency text: 'RUSSIAN FEDERATION100
                   RUSSIAN ROUBLE ( RUB )'
2025-12-31 17:35:07,964 - DEBUG - No currency match for: 'RUSSIAN FEDERATION100
                   RUSSIAN ROUBLE ( RUB )'
2025-12-31 17:35:07,964 - DEBUG - Checking currency text: 'NEPAL100
                   NEPALESE RUPEE ( NPR )'
2025-12-31 17:35:07,964 - DEBUG - No currency match for: 'NEPAL100
                   NEPALESE RUPEE ( NPR )'
2025-12-31 17:35:07,964 - DEBUG - Checking currency text: 'CZECH REPUBLIC100
                   CZECH KORUNA ( CZK )'
2025-12-31 17:35:07,964 - DEBUG - No currency match for: 'CZECH REPUBLIC100
                   CZECH KORUNA ( CZK )'
2025-12-31 17:35:07,964 - DEBUG - Checking currency text: 'CAMBODIA1
                   CAMBODIA RIEL ( KHR )'
2025-12-31 17:35:07,964 - DEBUG - No currency match for: 'CAMBODIA1
                   CAMBODIA RIEL ( KHR )'
2025-12-31 17:35:07,964 - INFO - MyMoneyMaster rates last updated: 2025-12-31 09:56:00
2025-12-31 17:35:07,964 - INFO - Successfully fetched rates from MyMoneyMaster(Mid Valley): {'GBP': {'we_sell': 5.443, 'we_buy': 5.42}, 'EUR': {'we_sell': 4.728, 'we_buy': 4.7}, 'IDR': {'we_sell': 247.9, 'we_buy': 242.2}}
2025-12-31 17:35:08,136 - INFO - Saved 3 currency rates (both buy and sell) for MyMoneyMaster(Mid Valley) to database with timestamp 2025-12-31 09:56:00 (from source)
2025-12-31 17:35:08,139 - DEBUG - Starting new HTTPS connection (1): api.telegram.org:443
2025-12-31 17:35:09,123 - DEBUG - https://api.telegram.org:443 "POST /bot7853600927:AAES2xV4AUQ7ddDSN8hdVanK61FllIHv4Dw/sendMessage HTTP/1.1" 200 2315
2025-12-31 17:35:09,124 - INFO - Message sent to Telegram successfully
2025-12-31 17:35:09,128 - INFO - Exchange rate bot completed successfully
2025-12-31 17:35:09,151 - INFO - Database connection closed
2025-12-31 17:35:45,805 - INFO - ==================================================
2025-12-31 17:35:45,806 - INFO - Exchange Rate Bot started
2025-12-31 17:35:45,806 - INFO - ==================================================
2025-12-31 17:35:45,913 - DEBUG - Starting authorization phase
2025-12-31 17:35:45,913 - DEBUG - The provided initial strategy is mysql_native_password
2025-12-31 17:35:45,914 - INFO - package: mysql.connector.plugins
2025-12-31 17:35:45,914 - INFO - plugin_name: mysql_native_password
2025-12-31 17:35:45,918 - INFO - AUTHENTICATION_PLUGIN_CLASS: MySQLNativePasswordAuthPlugin
2025-12-31 17:35:45,940 - DEBUG - mysql_native_password completed succesfully
2025-12-31 17:35:45,989 - INFO - Successfully connected to database
2025-12-31 17:35:47,991 - INFO - Fetching rates from Google Finance GBP: https://www.google.com/finance/quote/GBP-MYR
2025-12-31 17:35:48,004 - DEBUG - Starting new HTTPS connection (1): www.google.com:443
2025-12-31 17:35:48,353 - DEBUG - https://www.google.com:443 "GET /finance/quote/GBP-MYR HTTP/1.1" 200 None
2025-12-31 17:35:48,611 - INFO - Found Google Finance GBP rate: 5.4527
2025-12-31 17:35:50,618 - INFO - Fetching rates from Google Finance EUR: https://www.google.com/finance/quote/EUR-MYR
2025-12-31 17:35:50,759 - DEBUG - https://www.google.com:443 "GET /finance/quote/EUR-MYR HTTP/1.1" 200 None
2025-12-31 17:35:50,985 - INFO - Found Google Finance EUR rate: 4.7593
2025-12-31 17:35:52,986 - INFO - Fetching rates from Google Finance IDR: https://www.google.com/finance/quote/IDR-MYR
2025-12-31 17:35:53,098 - DEBUG - https://www.google.com:443 "GET /finance/quote/IDR-MYR HTTP/1.1" 200 None
2025-12-31 17:35:53,317 - INFO - Found Google Finance IDR rate: 0.00024
2025-12-31 17:35:53,317 - INFO - Standardized Google Finance IDR rate to per 1,000,000: 240.0
2025-12-31 17:35:55,323 - INFO - Fetching rates from Google Finance TRY: https://www.google.com/finance/quote/TRY-MYR
2025-12-31 17:35:55,473 - DEBUG - https://www.google.com:443 "GET /finance/quote/TRY-MYR HTTP/1.1" 200 None
2025-12-31 17:35:55,718 - INFO - Found Google Finance TRY rate: 0.0945
2025-12-31 17:35:55,718 - INFO - Standardized Google Finance TRY rate to per 100: 9.45
2025-12-31 17:35:55,719 - INFO - Successfully fetched Google Finance rates: {'GBP': {'we_sell': 5.4527, 'we_buy': 5.4527}, 'EUR': {'we_sell': 4.7593, 'we_buy': 4.7593}, 'IDR': {'we_sell': 240.0, 'we_buy': 240.0}, 'TRY': {'we_sell': 9.45, 'we_buy': 9.45}}
2025-12-31 17:35:55,973 - INFO - Saved 4 currency rates (both buy and sell) for Google Finance to database with timestamp 2025-12-31 17:35:55.719992 (from source)
2025-12-31 17:35:57,974 - INFO - Fetching rates from JalinanDuta(Bukit Bintang): https://www.jalinanduta.com/bukit-bintang/
2025-12-31 17:35:57,975 - DEBUG - Starting new HTTPS connection (1): www.jalinanduta.com:443
2025-12-31 17:35:58,743 - DEBUG - https://www.jalinanduta.com:443 "GET /bukit-bintang/ HTTP/1.1" 200 None
2025-12-31 17:35:59,080 - DEBUG - Starting rate parsing...
2025-12-31 17:35:59,100 - DEBUG - Found 1 tables
2025-12-31 17:35:59,103 - DEBUG - Found GBP We Sell rate: 5.48 (from table-green-color)
2025-12-31 17:35:59,103 - DEBUG - Found GBP We Buy rate: 5.39 (from table-red-color)
2025-12-31 17:35:59,103 - INFO - Found GBP rates: We Sell=5.48, We Buy=5.39
2025-12-31 17:35:59,103 - DEBUG - Found IDR We Sell rate: 248.0 (from table-green-color)
2025-12-31 17:35:59,103 - DEBUG - Found IDR We Buy rate: 241.5 (from table-red-color)
2025-12-31 17:35:59,103 - INFO - Found IDR rates: We Sell=248.0, We Buy=241.5
2025-12-31 17:35:59,113 - DEBUG - Found EUR We Sell rate: 4.77 (from table-green-color)
2025-12-31 17:35:59,113 - DEBUG - Found EUR We Buy rate: 4.68 (from table-red-color)
2025-12-31 17:35:59,115 - INFO - Found EUR rates: We Sell=4.77, We Buy=4.68
2025-12-31 17:35:59,121 - DEBUG - Found TRY We Sell rate: 11.0 (from table-green-color)
2025-12-31 17:35:59,121 - DEBUG - Found TRY We Buy rate: 9.5 (from table-red-color)
2025-12-31 17:35:59,121 - INFO - Found TRY rates: We Sell=11.0, We Buy=9.5
2025-12-31 17:35:59,125 - INFO - Successfully fetched rates from JalinanDuta(Bukit Bintang): {'GBP': {'we_sell': 5.48, 'we_buy': 5.39}, 'IDR': {'we_sell': 248.0, 'we_buy': 241.5}, 'EUR': {'we_sell': 4.77, 'we_buy': 4.68}, 'TRY': {'we_sell': 11.0, 'we_buy': 9.5}}
2025-12-31 17:35:59,299 - INFO - Saved 4 currency rates (both buy and sell) for JalinanDuta(Bukit Bintang) to database with timestamp 2025-12-31 17:35:59.175534 (current time)
2025-12-31 17:36:01,310 - INFO - Fetching rates from JalinanDuta(Masjid India): https://www.jalinanduta.com/masjid-india/
2025-12-31 17:36:01,959 - DEBUG - https://www.jalinanduta.com:443 "GET /masjid-india/ HTTP/1.1" 200 None
2025-12-31 17:36:02,391 - DEBUG - Starting rate parsing...
2025-12-31 17:36:02,408 - DEBUG - Found 1 tables
2025-12-31 17:36:02,411 - DEBUG - Found GBP We Sell rate: 5.47 (from table-green-color)
2025-12-31 17:36:02,411 - DEBUG - Found GBP We Buy rate: 5.4 (from table-red-color)
2025-12-31 17:36:02,411 - INFO - Found GBP rates: We Sell=5.47, We Buy=5.4
2025-12-31 17:36:02,417 - DEBUG - Found IDR We Sell rate: 248.0 (from table-green-color)
2025-12-31 17:36:02,417 - DEBUG - Found IDR We Buy rate: 241.0 (from table-red-color)
2025-12-31 17:36:02,417 - INFO - Found IDR rates: We Sell=248.0, We Buy=241.0
2025-12-31 17:36:02,423 - DEBUG - Found EUR We Sell rate: 4.76 (from table-green-color)
2025-12-31 17:36:02,423 - DEBUG - Found EUR We Buy rate: 4.69 (from table-red-color)
2025-12-31 17:36:02,423 - INFO - Found EUR rates: We Sell=4.76, We Buy=4.69
2025-12-31 17:36:02,429 - DEBUG - Found TRY We Sell rate: 10.2 (from table-green-color)
2025-12-31 17:36:02,429 - DEBUG - Found TRY We Buy rate: 9.0 (from table-red-color)
2025-12-31 17:36:02,429 - INFO - Found TRY rates: We Sell=10.2, We Buy=9.0
2025-12-31 17:36:02,437 - INFO - Successfully fetched rates from JalinanDuta(Masjid India): {'GBP': {'we_sell': 5.47, 'we_buy': 5.4}, 'IDR': {'we_sell': 248.0, 'we_buy': 241.0}, 'EUR': {'we_sell': 4.76, 'we_buy': 4.69}, 'TRY': {'we_sell': 10.2, 'we_buy': 9.0}}
2025-12-31 17:36:02,631 - INFO - Saved 4 currency rates (both buy and sell) for JalinanDuta(Masjid India) to database with timestamp 2025-12-31 17:36:02.494349 (current time)
2025-12-31 17:36:04,643 - INFO - Fetching rates from MyMoneyMaster(Mid Valley): http://www.mymoneymaster.com.my/Home/full_rate_board
2025-12-31 17:36:04,654 - DEBUG - Starting new HTTP connection (1): www.mymoneymaster.com.my:80
2025-12-31 17:36:04,829 - DEBUG - http://www.mymoneymaster.com.my:80 "GET /Home/full_rate_board HTTP/1.1" 200 11965
2025-12-31 17:36:05,122 - DEBUG - Starting rate parsing...
2025-12-31 17:36:05,122 - DEBUG - Detected MyMoneyMaster website structure
2025-12-31 17:36:05,141 - DEBUG - Found 40 currency rows in MyMoneyMaster
2025-12-31 17:36:05,141 - DEBUG - Checking currency text: 'AUSTRALIA1
                   AUSTRALIAN DOLLAR ( AUD )'
2025-12-31 17:36:05,141 - DEBUG - No currency match for: 'AUSTRALIA1
                   AUSTRALIAN DOLLAR ( AUD )'
2025-12-31 17:36:05,143 - DEBUG - Checking currency text: 'BAHRAIN1
                   BAHRAINI DINAR ( BHD )'
2025-12-31 17:36:05,143 - DEBUG - No currency match for: 'BAHRAIN1
                   BAHRAINI DINAR ( BHD )'
2025-12-31 17:36:05,143 - DEBUG - Checking currency text: 'BRUNEI DARUSSALAM1
                   BRUNEI DOLLAR ( BND )'
2025-12-31 17:36:05,143 - DEBUG - No currency match for: 'BRUNEI DARUSSALAM1
                   BRUNEI DOLLAR ( BND )'
2025-12-31 17:36:05,143 - DEBUG - Checking currency text: 'CANADA1
                   CANADIAN DOLLAR ( CAD )'
2025-12-31 17:36:05,145 - DEBUG - No currency match for: 'CANADA1
                   CANADIAN DOLLAR ( CAD )'
2025-12-31 17:36:05,145 - DEBUG - Checking currency text: 'CHINA100
                   CHINESE RENMINBI ( CNY )'
2025-12-31 17:36:05,145 - DEBUG - No currency match for: 'CHINA100
                   CHINESE RENMINBI ( CNY )'
2025-12-31 17:36:05,145 - DEBUG - Checking currency text: 'DENMARK100
                   DANISH KRONE ( DKK )'
2025-12-31 17:36:05,147 - DEBUG - No currency match for: 'DENMARK100
                   DANISH KRONE ( DKK )'
2025-12-31 17:36:05,147 - DEBUG - Checking currency text: 'EGYPT100
                   EGYPTIAN POUND ( EGP )'
2025-12-31 17:36:05,147 - DEBUG - Extracted rates for GBP: We Buy=9.85, We Sell=10.5
2025-12-31 17:36:05,150 - DEBUG - Parsed timestamp 'at 09:56 AM' as 2025-12-31 09:56:00
2025-12-31 17:36:05,151 - INFO - Found GBP rates: We Sell=10.5, We Buy=9.85
2025-12-31 17:36:05,152 - DEBUG - Checking currency text: 'EUROPEAN UNION1
                   EURO DOLLAR ( EUR )'
2025-12-31 17:36:05,152 - DEBUG - Extracted rates for EUR: We Buy=4.7, We Sell=4.728
2025-12-31 17:36:05,152 - INFO - Found EUR rates: We Sell=4.728, We Buy=4.7
2025-12-31 17:36:05,152 - DEBUG - Checking currency text: 'HONG KONG100
                   HONG KONG DOLLAR ( HKD )'
2025-12-31 17:36:05,154 - DEBUG - No currency match for: 'HONG KONG100
                   HONG KONG DOLLAR ( HKD )'
2025-12-31 17:36:05,154 - DEBUG - Checking currency text: 'INDIA100
                   INDIAN RUPEE ( INR )'
2025-12-31 17:36:05,154 - DEBUG - No currency match for: 'INDIA100
                   INDIAN RUPEE ( INR )'
2025-12-31 17:36:05,154 - DEBUG - Checking currency text: 'INDONESIA1M
                   INDONESIAN RUPIAH ( IDR )'
2025-12-31 17:36:05,154 - DEBUG - Extracted rates for IDR: We Buy=242.2, We Sell=247.9
2025-12-31 17:36:05,154 - INFO - Found IDR rates: We Sell=247.9, We Buy=242.2
2025-12-31 17:36:05,156 - DEBUG - Checking currency text: 'JAPAN1000
                   JAPANESE YEN ( JPY )'
2025-12-31 17:36:05,156 - DEBUG - No currency match for: 'JAPAN1000
                   JAPANESE YEN ( JPY )'
2025-12-31 17:36:05,156 - DEBUG - Checking currency text: 'JORDAN1
                   JORDAN DINAR ( JOD )'
2025-12-31 17:36:05,156 - DEBUG - No currency match for: 'JORDAN1
                   JORDAN DINAR ( JOD )'
2025-12-31 17:36:05,156 - DEBUG - Checking currency text: 'KOREA, REPUBLIC OF1000
                   KOREAN WON ( KRW )'
2025-12-31 17:36:05,156 - DEBUG - No currency match for: 'KOREA, REPUBLIC OF1000
                   KOREAN WON ( KRW )'
2025-12-31 17:36:05,156 - DEBUG - Checking currency text: 'KUWAIT1
                   KUWAIT DINAR ( KWD )'
2025-12-31 17:36:05,156 - DEBUG - No currency match for: 'KUWAIT1
                   KUWAIT DINAR ( KWD )'
2025-12-31 17:36:05,156 - DEBUG - Checking currency text: 'MACAO100
                   MACAU PATACA ( MAC )'
2025-12-31 17:36:05,156 - DEBUG - No currency match for: 'MACAO100
                   MACAU PATACA ( MAC )'
2025-12-31 17:36:05,156 - DEBUG - Checking currency text: 'NEW ZEALAND1
                   NEW ZEALAND DOLLAR ( NZD )'
2025-12-31 17:36:05,156 - DEBUG - No currency match for: 'NEW ZEALAND1
                   NEW ZEALAND DOLLAR ( NZD )'
2025-12-31 17:36:05,156 - DEBUG - Checking currency text: 'NORWAY100
                   NORWEGIAN KRONER ( NOK )'
2025-12-31 17:36:05,156 - DEBUG - No currency match for: 'NORWAY100
                   NORWEGIAN KRONER ( NOK )'
2025-12-31 17:36:05,156 - DEBUG - Checking currency text: 'OMAN1
                   OMANI RIAL ( OMR )'
2025-12-31 17:36:05,156 - DEBUG - No currency match for: 'OMAN1
                   OMANI RIAL ( OMR )'
2025-12-31 17:36:05,162 - DEBUG - Checking currency text: 'PHILIPPINES100
                   PHILIPPINE PESO ( PHP )'
2025-12-31 17:36:05,162 - DEBUG - No currency match for: 'PHILIPPINES100
                   PHILIPPINE PESO ( PHP )'
2025-12-31 17:36:05,162 - DEBUG - Checking currency text: 'QATAR100
                   QATAR RIYAL ( QAR )'
2025-12-31 17:36:05,164 - DEBUG - No currency match for: 'QATAR100
                   QATAR RIYAL ( QAR )'
2025-12-31 17:36:05,165 - DEBUG - Checking currency text: 'SAUDI ARABIA100
                   SAUDI RIYALS ( SAR )'
2025-12-31 17:36:05,165 - DEBUG - No currency match for: 'SAUDI ARABIA100
                   SAUDI RIYALS ( SAR )'
2025-12-31 17:36:05,166 - DEBUG - Checking currency text: 'SINGAPORE1
                   SINGAPORE DOLLAR ( SGD )'
2025-12-31 17:36:05,168 - DEBUG - No currency match for: 'SINGAPORE1
                   SINGAPORE DOLLAR ( SGD )'
2025-12-31 17:36:05,168 - DEBUG - Checking currency text: 'SOUTH AFRICA100
                   SOUTH AFRICAN RAND ( ZAR )'
2025-12-31 17:36:05,168 - DEBUG - No currency match for: 'SOUTH AFRICA100
                   SOUTH AFRICAN RAND ( ZAR )'
2025-12-31 17:36:05,168 - DEBUG - Checking currency text: 'SRI LANKA100
                   SRI LANKAN RUPEES ( LKR )'
2025-12-31 17:36:05,168 - DEBUG - No currency match for: 'SRI LANKA100
                   SRI LANKAN RUPEES ( LKR )'
2025-12-31 17:36:05,168 - DEBUG - Checking currency text: 'SWEDEN100
                   SWEDISH KRONER ( SEK )'
2025-12-31 17:36:05,171 - DEBUG - No currency match for: 'SWEDEN100
                   SWEDISH KRONER ( SEK )'
2025-12-31 17:36:05,171 - DEBUG - Checking currency text: 'SWITZERLAND1
                   SWISS FRANC ( CHF )'
2025-12-31 17:36:05,171 - DEBUG - No currency match for: 'SWITZERLAND1
                   SWISS FRANC ( CHF )'
2025-12-31 17:36:05,171 - DEBUG - Checking currency text: 'TAIWAN, PROVINCE OF CHINA100
                   NEW TAIWAN DOLLAR ( TWD )'
2025-12-31 17:36:05,171 - DEBUG - No currency match for: 'TAIWAN, PROVINCE OF CHINA100
                   NEW TAIWAN DOLLAR ( TWD )'
2025-12-31 17:36:05,173 - DEBUG - Checking currency text: 'THAILAND100
                   THAI BAHT ( THB )'
2025-12-31 17:36:05,173 - DEBUG - No currency match for: 'THAILAND100
                   THAI BAHT ( THB )'
2025-12-31 17:36:05,174 - DEBUG - Checking currency text: 'TURKEY1
                   TURKEY LIRA ( TUR )'
2025-12-31 17:36:05,175 - DEBUG - Matched TRY/TUR in text: 'TURKEY1
                   TURKEY LIRA ( TUR )'
2025-12-31 17:36:05,175 - DEBUG - Extracted rates for TRY: We Buy=None, We Sell=None
2025-12-31 17:36:05,175 - WARNING - Failed to extract rates for TRY: We Buy=None, We Sell=None
2025-12-31 17:36:05,176 - DEBUG - Checking currency text: 'UNITED ARAB EMIRATES100
                   UAE DIRHAMS ( AED )'
2025-12-31 17:36:05,176 - DEBUG - No currency match for: 'UNITED ARAB EMIRATES100
                   UAE DIRHAMS ( AED )'
2025-12-31 17:36:05,176 - DEBUG - Checking currency text: 'UNITED KINGDOM1
                   STERLING POUND ( GBP )'
2025-12-31 17:36:05,176 - DEBUG - Extracted rates for GBP: We Buy=5.42, We Sell=5.443
2025-12-31 17:36:05,176 - INFO - Found GBP rates: We Sell=5.443, We Buy=5.42
2025-12-31 17:36:05,178 - DEBUG - Checking currency text: 'UNITED STATES1
                   US DOLLAR ( USD )'
2025-12-31 17:36:05,178 - DEBUG - No currency match for: 'UNITED STATES1
                   US DOLLAR ( USD )'
2025-12-31 17:36:05,179 - DEBUG - Checking currency text: 'VIET NAM1M
                   VIETNAM DONG ( VND )'
2025-12-31 17:36:05,179 - DEBUG - No currency match for: 'VIET NAM1M
                   VIETNAM DONG ( VND )'
2025-12-31 17:36:05,179 - DEBUG - Checking currency text: 'PAKISTAN100
                   PAKISTANI RUPEE ( PKR )'
2025-12-31 17:36:05,179 - DEBUG - No currency match for: 'PAKISTAN100
                   PAKISTANI RUPEE ( PKR )'
2025-12-31 17:36:05,181 - DEBUG - Checking currency text: 'BANGLADESH100
                   BANGLADESHI TAKA ( BDT )'
2025-12-31 17:36:05,181 - DEBUG - No currency match for: 'BANGLADESH100
                   BANGLADESHI TAKA ( BDT )'
2025-12-31 17:36:05,181 - DEBUG - Checking currency text: 'RUSSIAN FEDERATION100
                   RUSSIAN ROUBLE ( RUB )'
2025-12-31 17:36:05,181 - DEBUG - No currency match for: 'RUSSIAN FEDERATION100
                   RUSSIAN ROUBLE ( RUB )'
2025-12-31 17:36:05,183 - DEBUG - Checking currency text: 'NEPAL100
                   NEPALESE RUPEE ( NPR )'
2025-12-31 17:36:05,183 - DEBUG - No currency match for: 'NEPAL100
                   NEPALESE RUPEE ( NPR )'
2025-12-31 17:36:05,185 - DEBUG - Checking currency text: 'CZECH REPUBLIC100
                   CZECH KORUNA ( CZK )'
2025-12-31 17:36:05,185 - DEBUG - No currency match for: 'CZECH REPUBLIC100
                   CZECH KORUNA ( CZK )'
2025-12-31 17:36:05,185 - DEBUG - Checking currency text: 'CAMBODIA1
                   CAMBODIA RIEL ( KHR )'
2025-12-31 17:36:05,185 - DEBUG - No currency match for: 'CAMBODIA1
                   CAMBODIA RIEL ( KHR )'
2025-12-31 17:36:05,185 - INFO - MyMoneyMaster rates last updated: 2025-12-31 09:56:00
2025-12-31 17:36:05,185 - INFO - Successfully fetched rates from MyMoneyMaster(Mid Valley): {'GBP': {'we_sell': 5.443, 'we_buy': 5.42}, 'EUR': {'we_sell': 4.728, 'we_buy': 4.7}, 'IDR': {'we_sell': 247.9, 'we_buy': 242.2}}
2025-12-31 17:36:05,340 - INFO - Saved 3 currency rates (both buy and sell) for MyMoneyMaster(Mid Valley) to database with timestamp 2025-12-31 09:56:00 (from source)
2025-12-31 17:36:05,340 - DEBUG - Starting new HTTPS connection (1): api.telegram.org:443
2025-12-31 17:36:06,251 - DEBUG - https://api.telegram.org:443 "POST /bot7853600927:AAES2xV4AUQ7ddDSN8hdVanK61FllIHv4Dw/sendMessage HTTP/1.1" 200 2315
2025-12-31 17:36:06,255 - INFO - Message sent to Telegram successfully
2025-12-31 17:36:06,257 - INFO - Exchange rate bot completed successfully
2025-12-31 17:36:06,286 - INFO - Database connection closed
2025-12-31 17:37:31,368 - INFO - ==================================================
2025-12-31 17:37:31,370 - INFO - Exchange Rate Bot started
2025-12-31 17:37:31,371 - INFO - ==================================================
2025-12-31 17:37:31,506 - INFO - package: mysql.connector.plugins
2025-12-31 17:37:31,507 - INFO - plugin_name: mysql_native_password
2025-12-31 17:37:31,510 - INFO - AUTHENTICATION_PLUGIN_CLASS: MySQLNativePasswordAuthPlugin
2025-12-31 17:37:31,609 - INFO - Successfully connected to database
2025-12-31 17:37:33,619 - INFO - Fetching rates from Google Finance GBP: https://www.google.com/finance/quote/GBP-MYR
2025-12-31 17:37:34,303 - INFO - Found Google Finance GBP rate: 5.4527
2025-12-31 17:37:36,311 - INFO - Fetching rates from Google Finance EUR: https://www.google.com/finance/quote/EUR-MYR
2025-12-31 17:37:36,713 - INFO - Found Google Finance EUR rate: 4.758
2025-12-31 17:37:38,729 - INFO - Fetching rates from Google Finance IDR: https://www.google.com/finance/quote/IDR-MYR
2025-12-31 17:37:39,110 - INFO - Found Google Finance IDR rate: 0.00024
2025-12-31 17:37:39,111 - INFO - Standardized Google Finance IDR rate to per 1,000,000: 240.0
2025-12-31 17:37:41,118 - INFO - Fetching rates from Google Finance TRY: https://www.google.com/finance/quote/TRY-MYR
2025-12-31 17:37:41,560 - INFO - Found Google Finance TRY rate: 0.0945
2025-12-31 17:37:41,560 - INFO - Standardized Google Finance TRY rate to per 100: 9.45
2025-12-31 17:37:41,562 - INFO - Successfully fetched Google Finance rates: {'GBP': {'we_sell': 5.4527, 'we_buy': 5.4527}, 'EUR': {'we_sell': 4.758, 'we_buy': 4.758}, 'IDR': {'we_sell': 240.0, 'we_buy': 240.0}, 'TRY': {'we_sell': 9.45, 'we_buy': 9.45}}
2025-12-31 17:37:41,827 - INFO - Saved 4 currency rates (both buy and sell) for Google Finance to database with timestamp 2025-12-31 17:37:41.568200 (from source)
2025-12-31 17:37:43,833 - INFO - Fetching rates from JalinanDuta(Bukit Bintang): https://www.jalinanduta.com/bukit-bintang/
2025-12-31 17:37:45,367 - INFO - Found GBP rates: We Sell=5.48, We Buy=5.39
2025-12-31 17:37:45,373 - INFO - Found IDR rates: We Sell=248.0, We Buy=241.5
2025-12-31 17:37:45,379 - INFO - Found EUR rates: We Sell=4.77, We Buy=4.68
2025-12-31 17:37:45,387 - INFO - Found TRY rates: We Sell=11.0, We Buy=9.5
2025-12-31 17:37:45,393 - INFO - Successfully fetched rates from JalinanDuta(Bukit Bintang): {'GBP': {'we_sell': 5.48, 'we_buy': 5.39}, 'IDR': {'we_sell': 248.0, 'we_buy': 241.5}, 'EUR': {'we_sell': 4.77, 'we_buy': 4.68}, 'TRY': {'we_sell': 11.0, 'we_buy': 9.5}}
2025-12-31 17:37:45,795 - INFO - Saved 4 currency rates (both buy and sell) for JalinanDuta(Bukit Bintang) to database with timestamp 2025-12-31 17:37:45.545430 (current time)
2025-12-31 17:37:47,807 - INFO - Fetching rates from JalinanDuta(Masjid India): https://www.jalinanduta.com/masjid-india/
2025-12-31 17:37:48,976 - INFO - Found GBP rates: We Sell=5.47, We Buy=5.4
2025-12-31 17:37:48,983 - INFO - Found IDR rates: We Sell=248.0, We Buy=241.0
2025-12-31 17:37:48,988 - INFO - Found EUR rates: We Sell=4.76, We Buy=4.69
2025-12-31 17:37:48,994 - INFO - Found TRY rates: We Sell=10.2, We Buy=9.0
2025-12-31 17:37:48,998 - INFO - Successfully fetched rates from JalinanDuta(Masjid India): {'GBP': {'we_sell': 5.47, 'we_buy': 5.4}, 'IDR': {'we_sell': 248.0, 'we_buy': 241.0}, 'EUR': {'we_sell': 4.76, 'we_buy': 4.69}, 'TRY': {'we_sell': 10.2, 'we_buy': 9.0}}
2025-12-31 17:37:49,191 - INFO - Saved 4 currency rates (both buy and sell) for JalinanDuta(Masjid India) to database with timestamp 2025-12-31 17:37:49.056988 (current time)
2025-12-31 17:37:51,202 - INFO - Fetching rates from MyMoneyMaster(Mid Valley): http://www.mymoneymaster.com.my/Home/full_rate_board
2025-12-31 17:37:51,924 - INFO - Found GBP rates: We Sell=10.5, We Buy=9.85
2025-12-31 17:37:52,000 - INFO - Found EUR rates: We Sell=4.728, We Buy=4.7
2025-12-31 17:37:52,001 - INFO - Found IDR rates: We Sell=247.9, We Buy=242.2
2025-12-31 17:37:52,007 - INFO - Found TRY rates: We Sell=0.098, We Buy=0.0915
2025-12-31 17:37:52,008 - INFO - Found GBP rates: We Sell=5.443, We Buy=5.42
2025-12-31 17:37:52,010 - INFO - MyMoneyMaster rates last updated: 2025-12-31 09:56:00
2025-12-31 17:37:52,010 - INFO - Successfully fetched rates from MyMoneyMaster(Mid Valley): {'GBP': {'we_sell': 5.443, 'we_buy': 5.42}, 'EUR': {'we_sell': 4.728, 'we_buy': 4.7}, 'IDR': {'we_sell': 247.9, 'we_buy': 242.2}, 'TRY': {'we_sell': 0.098, 'we_buy': 0.0915}}
2025-12-31 17:37:52,192 - INFO - Saved 4 currency rates (both buy and sell) for MyMoneyMaster(Mid Valley) to database with timestamp 2025-12-31 09:56:00 (from source)
2025-12-31 17:37:53,170 - INFO - Message sent to Telegram successfully
2025-12-31 17:37:53,404 - INFO - Exchange rate bot completed successfully
2025-12-31 17:37:53,787 - INFO - Database connection closed
2025-12-31 17:42:36,878 - INFO - ==================================================
2025-12-31 17:42:36,882 - INFO - Exchange Rate Bot started
2025-12-31 17:42:36,882 - INFO - ==================================================
2025-12-31 17:42:37,074 - INFO - package: mysql.connector.plugins
2025-12-31 17:42:37,076 - INFO - plugin_name: mysql_native_password
2025-12-31 17:42:37,082 - INFO - AUTHENTICATION_PLUGIN_CLASS: MySQLNativePasswordAuthPlugin
2025-12-31 17:42:37,170 - INFO - Successfully connected to database
2025-12-31 17:42:39,181 - INFO - Fetching rates from Google Finance GBP: https://www.google.com/finance/quote/GBP-MYR
2025-12-31 17:42:40,031 - INFO - Found Google Finance GBP rate: 5.4527
2025-12-31 17:42:42,034 - INFO - Fetching rates from Google Finance EUR: https://www.google.com/finance/quote/EUR-MYR
2025-12-31 17:42:42,419 - INFO - Found Google Finance EUR rate: 4.758
2025-12-31 17:42:44,430 - INFO - Fetching rates from Google Finance IDR: https://www.google.com/finance/quote/IDR-MYR
2025-12-31 17:42:44,854 - INFO - Found Google Finance IDR rate: 0.00024
2025-12-31 17:42:44,855 - INFO - Standardized Google Finance IDR rate to per 1,000,000: 240.0
2025-12-31 17:42:46,862 - INFO - Fetching rates from Google Finance TRY: https://www.google.com/finance/quote/TRY-MYR
2025-12-31 17:42:47,353 - INFO - Found Google Finance TRY rate: 0.0945
2025-12-31 17:42:47,354 - INFO - Standardized Google Finance TRY rate to per 100: 9.45
2025-12-31 17:42:47,354 - INFO - Successfully fetched Google Finance rates: {'GBP': {'we_sell': 5.4527, 'we_buy': 5.4527}, 'EUR': {'we_sell': 4.758, 'we_buy': 4.758}, 'IDR': {'we_sell': 240.0, 'we_buy': 240.0}, 'TRY': {'we_sell': 9.45, 'we_buy': 9.45}}
2025-12-31 17:42:47,950 - INFO - Saved 4 currency rates (both buy and sell) for Google Finance to database with timestamp 2025-12-31 17:42:47.354147 (from source)
2025-12-31 17:42:49,953 - INFO - Fetching rates from JalinanDuta(Bukit Bintang): https://www.jalinanduta.com/bukit-bintang/
2025-12-31 17:42:51,395 - INFO - Found GBP rates: We Sell=5.48, We Buy=5.39
2025-12-31 17:42:51,399 - INFO - Found IDR rates: We Sell=248.0, We Buy=241.5
2025-12-31 17:42:51,408 - INFO - Found EUR rates: We Sell=4.77, We Buy=4.68
2025-12-31 17:42:51,421 - INFO - Found TRY rates: We Sell=11.0, We Buy=9.5
2025-12-31 17:42:51,427 - INFO - Successfully fetched rates from JalinanDuta(Bukit Bintang): {'GBP': {'we_sell': 5.48, 'we_buy': 5.39}, 'IDR': {'we_sell': 248.0, 'we_buy': 241.5}, 'EUR': {'we_sell': 4.77, 'we_buy': 4.68}, 'TRY': {'we_sell': 11.0, 'we_buy': 9.5}}
2025-12-31 17:42:51,613 - INFO - Saved 4 currency rates (both buy and sell) for JalinanDuta(Bukit Bintang) to database with timestamp 2025-12-31 17:42:51.489628 (current time)
2025-12-31 17:42:53,626 - INFO - Fetching rates from JalinanDuta(Masjid India): https://www.jalinanduta.com/masjid-india/
2025-12-31 17:42:54,736 - INFO - Found GBP rates: We Sell=5.47, We Buy=5.4
2025-12-31 17:42:54,736 - INFO - Found IDR rates: We Sell=248.0, We Buy=241.0
2025-12-31 17:42:54,736 - INFO - Found EUR rates: We Sell=4.76, We Buy=4.69
2025-12-31 17:42:54,743 - INFO - Found TRY rates: We Sell=10.2, We Buy=9.0
2025-12-31 17:42:54,743 - INFO - Successfully fetched rates from JalinanDuta(Masjid India): {'GBP': {'we_sell': 5.47, 'we_buy': 5.4}, 'IDR': {'we_sell': 248.0, 'we_buy': 241.0}, 'EUR': {'we_sell': 4.76, 'we_buy': 4.69}, 'TRY': {'we_sell': 10.2, 'we_buy': 9.0}}
2025-12-31 17:42:54,921 - INFO - Saved 4 currency rates (both buy and sell) for JalinanDuta(Masjid India) to database with timestamp 2025-12-31 17:42:54.794840 (current time)
2025-12-31 17:42:56,929 - INFO - Fetching rates from MyMoneyMaster(Mid Valley): http://www.mymoneymaster.com.my/Home/full_rate_board
2025-12-31 17:42:57,350 - INFO - Found GBP rates: We Sell=10.5, We Buy=9.85
2025-12-31 17:42:57,352 - INFO - Found EUR rates: We Sell=4.728, We Buy=4.7
2025-12-31 17:42:57,352 - INFO - Found IDR rates: We Sell=247.9, We Buy=242.2
2025-12-31 17:42:57,355 - INFO - Standardized MyMoneyMaster TRY rates to per 100: We Sell=9.8, We Buy=9.15
2025-12-31 17:42:57,357 - INFO - Found TRY rates: We Sell=9.8, We Buy=9.15
2025-12-31 17:42:57,357 - INFO - Found GBP rates: We Sell=5.443, We Buy=5.42
2025-12-31 17:42:57,359 - INFO - MyMoneyMaster rates last updated: 2025-12-31 09:56:00
2025-12-31 17:42:57,359 - INFO - Successfully fetched rates from MyMoneyMaster(Mid Valley): {'GBP': {'we_sell': 5.443, 'we_buy': 5.42}, 'EUR': {'we_sell': 4.728, 'we_buy': 4.7}, 'IDR': {'we_sell': 247.9, 'we_buy': 242.2}, 'TRY': {'we_sell': 9.8, 'we_buy': 9.15}}
2025-12-31 17:42:57,548 - INFO - Saved 4 currency rates (both buy and sell) for MyMoneyMaster(Mid Valley) to database with timestamp 2025-12-31 09:56:00 (from source)
2025-12-31 17:42:58,647 - INFO - Message sent to Telegram successfully
2025-12-31 17:42:58,660 - INFO - Exchange rate bot completed successfully
2025-12-31 17:42:58,682 - INFO - Database connection closed
